d:\code\opencv-projectalpha\opencv-projectalpha\x64\debug\vc142.pdb
d:\code\opencv-projectalpha\opencv-projectalpha\x64\debug\vc142.idb
d:\code\opencv-projectalpha\opencv-projectalpha\x64\debug\zip.obj
d:\code\opencv-projectalpha\opencv-projectalpha\x64\debug\opencv-projectalpha.obj
d:\code\opencv-projectalpha\opencv-projectalpha\x64\debug\getpixelsexample.obj
d:\code\opencv-projectalpha\opencv-projectalpha\x64\debug\geryimagedct.obj
d:\code\opencv-projectalpha\opencv-projectalpha\x64\debug\bundle.obj
d:\code\opencv-projectalpha\opencv-projectalpha\x64\debug\basicopencvtipexamples.obj
d:\code\opencv-projectalpha\x64\debug\opencv-projectalpha.exe
d:\code\opencv-projectalpha\x64\debug\opencv-projectalpha.ilk
d:\code\opencv-projectalpha\x64\debug\opencv-projectalpha.pdb
d:\code\opencv-projectalpha\x64\debug\opencv-projectalpha.lib
d:\code\opencv-projectalpha\x64\debug\opencv-projectalpha.exp
d:\code\opencv-projectalpha\opencv-projectalpha\x64\debug\opencv-p.645d3acd.tlog\cl.command.1.tlog
d:\code\opencv-projectalpha\opencv-projectalpha\x64\debug\opencv-p.645d3acd.tlog\cl.read.1.tlog
d:\code\opencv-projectalpha\opencv-projectalpha\x64\debug\opencv-p.645d3acd.tlog\cl.write.1.tlog
d:\code\opencv-projectalpha\opencv-projectalpha\x64\debug\opencv-p.645d3acd.tlog\link.command.1.tlog
d:\code\opencv-projectalpha\opencv-projectalpha\x64\debug\opencv-p.645d3acd.tlog\link.read.1.tlog
d:\code\opencv-projectalpha\opencv-projectalpha\x64\debug\opencv-p.645d3acd.tlog\link.write.1.tlog
d:\code\opencv-projectalpha\opencv-projectalpha\x64\debug\opencv-p.645d3acd.tlog\opencv-projectalpha.write.1u.tlog
